INFO:     Started server process [45412]
INFO:     Waiting for application startup.
INFO:     Application startup complete.
INFO:     Uvicorn running on http://0.0.0.0:8001 (Press CTRL+C to quit)
ERROR:    Exception in ASGI application
Traceback (most recent call last):
  File "D:\Namitech_Next\fmcg-forecast-app\model-service\.venv\Lib\site-packages\uvicorn\protocols\http\httptools_impl.py", line 409, in run_asgi
    result = await app(  # type: ignore[func-returns-value]
             ^^^^^^^^^^^^^^^^^^^^^^^^^^^^^^^^^^^^^^^^^^^^^^
  File "D:\Namitech_Next\fmcg-forecast-app\model-service\.venv\Lib\site-packages\uvicorn\middleware\proxy_headers.py", line 60, in __call__
    return await self.app(scope, receive, send)
           ^^^^^^^^^^^^^^^^^^^^^^^^^^^^^^^^^^^^
  File "D:\Namitech_Next\fmcg-forecast-app\model-service\.venv\Lib\site-packages\fastapi\applications.py", line 1054, in __call__
    await super().__call__(scope, receive, send)
  File "D:\Namitech_Next\fmcg-forecast-app\model-service\.venv\Lib\site-packages\starlette\applications.py", line 113, in __call__
    await self.middleware_stack(scope, receive, send)
  File "D:\Namitech_Next\fmcg-forecast-app\model-service\.venv\Lib\site-packages\starlette\middleware\errors.py", line 187, in __call__
    raise exc
  File "D:\Namitech_Next\fmcg-forecast-app\model-service\.venv\Lib\site-packages\starlette\middleware\errors.py", line 165, in __call__
    await self.app(scope, receive, _send)
  File "D:\Namitech_Next\fmcg-forecast-app\model-service\.venv\Lib\site-packages\starlette\middleware\cors.py", line 85, in __call__
    await self.app(scope, receive, send)
  File "D:\Namitech_Next\fmcg-forecast-app\model-service\.venv\Lib\site-packages\starlette\middleware\exceptions.py", line 62, in __call__
    await wrap_app_handling_exceptions(self.app, conn)(scope, receive, send)
  File "D:\Namitech_Next\fmcg-forecast-app\model-service\.venv\Lib\site-packages\starlette\_exception_handler.py", line 53, in wrapped_app
    raise exc
  File "D:\Namitech_Next\fmcg-forecast-app\model-service\.venv\Lib\site-packages\starlette\_exception_handler.py", line 42, in wrapped_app
    await app(scope, receive, sender)
  File "D:\Namitech_Next\fmcg-forecast-app\model-service\.venv\Lib\site-packages\starlette\routing.py", line 715, in __call__
    await self.middleware_stack(scope, receive, send)
  File "D:\Namitech_Next\fmcg-forecast-app\model-service\.venv\Lib\site-packages\starlette\routing.py", line 735, in app
    await route.handle(scope, receive, send)
  File "D:\Namitech_Next\fmcg-forecast-app\model-service\.venv\Lib\site-packages\starlette\routing.py", line 288, in handle
    await self.app(scope, receive, send)
  File "D:\Namitech_Next\fmcg-forecast-app\model-service\.venv\Lib\site-packages\starlette\routing.py", line 76, in app
    await wrap_app_handling_exceptions(app, request)(scope, receive, send)
  File "D:\Namitech_Next\fmcg-forecast-app\model-service\.venv\Lib\site-packages\starlette\_exception_handler.py", line 53, in wrapped_app
    raise exc
  File "D:\Namitech_Next\fmcg-forecast-app\model-service\.venv\Lib\site-packages\starlette\_exception_handler.py", line 42, in wrapped_app
    await app(scope, receive, sender)
  File "D:\Namitech_Next\fmcg-forecast-app\model-service\.venv\Lib\site-packages\starlette\routing.py", line 73, in app
    response = await f(request)
               ^^^^^^^^^^^^^^^^
  File "D:\Namitech_Next\fmcg-forecast-app\model-service\.venv\Lib\site-packages\fastapi\routing.py", line 301, in app
    raw_response = await run_endpoint_function(
                   ^^^^^^^^^^^^^^^^^^^^^^^^^^^^
  File "D:\Namitech_Next\fmcg-forecast-app\model-service\.venv\Lib\site-packages\fastapi\routing.py", line 212, in run_endpoint_function
    return await dependant.call(**values)
           ^^^^^^^^^^^^^^^^^^^^^^^^^^^^^^
  File "D:\Namitech_Next\fmcg-forecast-app\model-service\app\main.py", line 46, in predict
    result = engine.predict(
             ^^^^^^^^^^^^^^^
  File "D:\Namitech_Next\fmcg-forecast-app\model-service\app\models.py", line 137, in predict
    self.train(file_path)
  File "D:\Namitech_Next\fmcg-forecast-app\model-service\app\models.py", line 92, in train
    data = self._prepare_training_data(file_path)
           ^^^^^^^^^^^^^^^^^^^^^^^^^^^^^^^^^^^^^^
  File "D:\Namitech_Next\fmcg-forecast-app\model-service\app\models.py", line 50, in _prepare_training_data
    df = pd.merge(
         ^^^^^^^^^
  File "D:\Namitech_Next\fmcg-forecast-app\model-service\.venv\Lib\site-packages\pandas\core\reshape\merge.py", line 170, in merge
    op = _MergeOperation(
         ^^^^^^^^^^^^^^^^
  File "D:\Namitech_Next\fmcg-forecast-app\model-service\.venv\Lib\site-packages\pandas\core\reshape\merge.py", line 807, in __init__
    self._maybe_coerce_merge_keys()
  File "D:\Namitech_Next\fmcg-forecast-app\model-service\.venv\Lib\site-packages\pandas\core\reshape\merge.py", line 1512, in _maybe_coerce_merge_keys
    raise ValueError(msg)
ValueError: You are trying to merge on datetime64[ns] and object columns for key 'date'. If you wish to proceed you should use pd.concat
ERROR:    Exception in ASGI application
Traceback (most recent call last):
  File "D:\Namitech_Next\fmcg-forecast-app\model-service\.venv\Lib\site-packages\uvicorn\protocols\http\httptools_impl.py", line 409, in run_asgi
    result = await app(  # type: ignore[func-returns-value]
             ^^^^^^^^^^^^^^^^^^^^^^^^^^^^^^^^^^^^^^^^^^^^^^
  File "D:\Namitech_Next\fmcg-forecast-app\model-service\.venv\Lib\site-packages\uvicorn\middleware\proxy_headers.py", line 60, in __call__
    return await self.app(scope, receive, send)
           ^^^^^^^^^^^^^^^^^^^^^^^^^^^^^^^^^^^^
  File "D:\Namitech_Next\fmcg-forecast-app\model-service\.venv\Lib\site-packages\fastapi\applications.py", line 1054, in __call__
    await super().__call__(scope, receive, send)
  File "D:\Namitech_Next\fmcg-forecast-app\model-service\.venv\Lib\site-packages\starlette\applications.py", line 113, in __call__
    await self.middleware_stack(scope, receive, send)
  File "D:\Namitech_Next\fmcg-forecast-app\model-service\.venv\Lib\site-packages\starlette\middleware\errors.py", line 187, in __call__
    raise exc
  File "D:\Namitech_Next\fmcg-forecast-app\model-service\.venv\Lib\site-packages\starlette\middleware\errors.py", line 165, in __call__
    await self.app(scope, receive, _send)
  File "D:\Namitech_Next\fmcg-forecast-app\model-service\.venv\Lib\site-packages\starlette\middleware\cors.py", line 85, in __call__
    await self.app(scope, receive, send)
  File "D:\Namitech_Next\fmcg-forecast-app\model-service\.venv\Lib\site-packages\starlette\middleware\exceptions.py", line 62, in __call__
    await wrap_app_handling_exceptions(self.app, conn)(scope, receive, send)
  File "D:\Namitech_Next\fmcg-forecast-app\model-service\.venv\Lib\site-packages\starlette\_exception_handler.py", line 53, in wrapped_app
    raise exc
  File "D:\Namitech_Next\fmcg-forecast-app\model-service\.venv\Lib\site-packages\starlette\_exception_handler.py", line 42, in wrapped_app
    await app(scope, receive, sender)
  File "D:\Namitech_Next\fmcg-forecast-app\model-service\.venv\Lib\site-packages\starlette\routing.py", line 715, in __call__
    await self.middleware_stack(scope, receive, send)
  File "D:\Namitech_Next\fmcg-forecast-app\model-service\.venv\Lib\site-packages\starlette\routing.py", line 735, in app
    await route.handle(scope, receive, send)
  File "D:\Namitech_Next\fmcg-forecast-app\model-service\.venv\Lib\site-packages\starlette\routing.py", line 288, in handle
    await self.app(scope, receive, send)
  File "D:\Namitech_Next\fmcg-forecast-app\model-service\.venv\Lib\site-packages\starlette\routing.py", line 76, in app
    await wrap_app_handling_exceptions(app, request)(scope, receive, send)
  File "D:\Namitech_Next\fmcg-forecast-app\model-service\.venv\Lib\site-packages\starlette\_exception_handler.py", line 53, in wrapped_app
    raise exc
  File "D:\Namitech_Next\fmcg-forecast-app\model-service\.venv\Lib\site-packages\starlette\_exception_handler.py", line 42, in wrapped_app
    await app(scope, receive, sender)
  File "D:\Namitech_Next\fmcg-forecast-app\model-service\.venv\Lib\site-packages\starlette\routing.py", line 73, in app
    response = await f(request)
               ^^^^^^^^^^^^^^^^
  File "D:\Namitech_Next\fmcg-forecast-app\model-service\.venv\Lib\site-packages\fastapi\routing.py", line 301, in app
    raw_response = await run_endpoint_function(
                   ^^^^^^^^^^^^^^^^^^^^^^^^^^^^
  File "D:\Namitech_Next\fmcg-forecast-app\model-service\.venv\Lib\site-packages\fastapi\routing.py", line 212, in run_endpoint_function
    return await dependant.call(**values)
           ^^^^^^^^^^^^^^^^^^^^^^^^^^^^^^
  File "D:\Namitech_Next\fmcg-forecast-app\model-service\app\main.py", line 46, in predict
    result = engine.predict(
             ^^^^^^^^^^^^^^^
  File "D:\Namitech_Next\fmcg-forecast-app\model-service\app\models.py", line 137, in predict
    ) -> dict:
        ^^^^^^^
  File "D:\Namitech_Next\fmcg-forecast-app\model-service\app\models.py", line 92, in train
    def train(self, file_path: str):
               ^^^^^^^^^^^^^^^^^^^^^^
  File "D:\Namitech_Next\fmcg-forecast-app\model-service\app\models.py", line 50, in _prepare_training_data
    merged = pd.merge(self.prod_price, self.date_week, on="week_id", how="inner")
         ^^^^^^^^^^^^^^^^^^^^^^^^^^^^^^^^^^^^^^^^^^^^^^^^^^^^^^^^^^^^^^^^^^^^^^^^
  File "D:\Namitech_Next\fmcg-forecast-app\model-service\.venv\Lib\site-packages\pandas\core\reshape\merge.py", line 170, in merge
    op = _MergeOperation(
         ^^^^^^^^^^^^^^^^
  File "D:\Namitech_Next\fmcg-forecast-app\model-service\.venv\Lib\site-packages\pandas\core\reshape\merge.py", line 807, in __init__
    self._maybe_coerce_merge_keys()
  File "D:\Namitech_Next\fmcg-forecast-app\model-service\.venv\Lib\site-packages\pandas\core\reshape\merge.py", line 1512, in _maybe_coerce_merge_keys
    raise ValueError(msg)
ValueError: You are trying to merge on datetime64[ns] and object columns for key 'date'. If you wish to proceed you should use pd.concat
